build/intermediates/manifest_merge_blame_file/debug/manifest-merger-blame-debug-report.txt
1<?xml version="1.0" encoding="utf-8"?>
2<manifest xmlns:android="http://schemas.android.com/apk/res/android"
3    package="com.example.rekomendasirestoran"
4    android:versionCode="1"
5    android:versionName="1.0" >
6
7    <uses-sdk
8        android:minSdkVersion="24"
8-->src\main\AndroidManifest.xml
9        android:targetSdkVersion="33" />
9-->src\main\AndroidManifest.xml
10
11    <uses-permission android:name="android.permission.ACCESS_FINE_LOCATION" />
11-->src\main\AndroidManifest.xml:6:5-78
11-->src\main\AndroidManifest.xml:6:22-76
12    <uses-permission android:name="android.permission.ACCESS_COARSE_LOCATION" />
12-->src\main\AndroidManifest.xml:7:5-80
12-->src\main\AndroidManifest.xml:7:22-78
13
14    <!-- Include required permissions for Google Maps API to run. -->
15    <uses-permission android:name="android.permission.ACCESS_NETWORK_STATE" />
15-->[com.google.android.gms:play-services-maps:17.0.0] AndroidManifest.xml:23:5-79
15-->[com.google.android.gms:play-services-maps:17.0.0] AndroidManifest.xml:23:22-76
16    <uses-permission android:name="android.permission.INTERNET" />
16-->[com.google.android.gms:play-services-maps:17.0.0] AndroidManifest.xml:24:5-67
16-->[com.google.android.gms:play-services-maps:17.0.0] AndroidManifest.xml:24:22-64
17
18    <uses-feature
18-->[com.google.android.gms:play-services-maps:17.0.0] AndroidManifest.xml:26:5-28:35
19        android:glEsVersion="0x00020000"
19-->[com.google.android.gms:play-services-maps:17.0.0] AndroidManifest.xml:27:9-41
20        android:required="true" />
20-->[com.google.android.gms:play-services-maps:17.0.0] AndroidManifest.xml:28:9-32
21
22    <permission
22-->[androidx.core:core:1.9.0] AndroidManifest.xml:22:5-24:47
23        android:name="com.example.rekomendasirestoran.DYNAMIC_RECEIVER_NOT_EXPORTED_PERMISSION"
23-->[androidx.core:core:1.9.0] AndroidManifest.xml:23:9-81
24        android:protectionLevel="signature" />
24-->[androidx.core:core:1.9.0] AndroidManifest.xml:24:9-44
25
26    <uses-permission android:name="com.example.rekomendasirestoran.DYNAMIC_RECEIVER_NOT_EXPORTED_PERMISSION" />
26-->[androidx.core:core:1.9.0] AndroidManifest.xml:26:5-97
26-->[androidx.core:core:1.9.0] AndroidManifest.xml:26:22-94
27
28    <application
28-->src\main\AndroidManifest.xml:8:5-41:19
29        android:allowBackup="true"
29-->src\main\AndroidManifest.xml:9:9-35
30        android:appComponentFactory="androidx.core.app.CoreComponentFactory"
30-->[androidx.core:core:1.9.0] AndroidManifest.xml:28:18-86
31        android:dataExtractionRules="@xml/data_extraction_rules"
31-->src\main\AndroidManifest.xml:10:9-65
32        android:debuggable="true"
33        android:extractNativeLibs="false"
34        android:fullBackupContent="@xml/backup_rules"
34-->src\main\AndroidManifest.xml:11:9-54
35        android:icon="@mipmap/ic_launcher"
35-->src\main\AndroidManifest.xml:12:9-43
36        android:label="@string/app_name"
36-->src\main\AndroidManifest.xml:13:9-41
37        android:supportsRtl="true"
37-->src\main\AndroidManifest.xml:14:9-35
38        android:theme="@style/Theme.RekomendasiRestoran" >
38-->src\main\AndroidManifest.xml:15:9-57
39        <activity
39-->src\main\AndroidManifest.xml:17:9-26:20
40            android:name="com.example.rekomendasirestoran.splash"
40-->src\main\AndroidManifest.xml:17:19-41
41            android:exported="true" >
41-->src\main\AndroidManifest.xml:18:13-36
42            <intent-filter>
42-->src\main\AndroidManifest.xml:20:13-24:29
43                <action android:name="android.intent.action.MAIN" />
43-->src\main\AndroidManifest.xml:21:17-69
43-->src\main\AndroidManifest.xml:21:25-66
44
45                <category android:name="android.intent.category.LAUNCHER" />
45-->src\main\AndroidManifest.xml:23:17-77
45-->src\main\AndroidManifest.xml:23:27-74
46            </intent-filter>
47        </activity>
48        <activity android:name="com.example.rekomendasirestoran.ViewPager" >
48-->src\main\AndroidManifest.xml:28:9-31:20
48-->src\main\AndroidManifest.xml:29:13-38
49        </activity>
50        <activity android:name="com.example.rekomendasirestoran.MainActivity" >
50-->src\main\AndroidManifest.xml:33:9-36:20
50-->src\main\AndroidManifest.xml:34:13-41
51        </activity>
52
53        <meta-data
53-->src\main\AndroidManifest.xml:37:9-39:71
54            android:name="com.google.android.geo.API_KEY"
54-->src\main\AndroidManifest.xml:38:13-58
55            android:value="AIzaSyAXt_Y6fp4tWobUbmjRYb9PrGxqeCcuKjI" />
55-->src\main\AndroidManifest.xml:39:13-68
56
57        <!-- Needs to be explicitly declared on P+ -->
58        <uses-library
58-->[com.google.android.gms:play-services-maps:17.0.0] AndroidManifest.xml:33:9-35:40
59            android:name="org.apache.http.legacy"
59-->[com.google.android.gms:play-services-maps:17.0.0] AndroidManifest.xml:34:13-50
60            android:required="false" />
60-->[com.google.android.gms:play-services-maps:17.0.0] AndroidManifest.xml:35:13-37
61
62        <activity
62-->[com.google.android.gms:play-services-base:17.5.0] AndroidManifest.xml:23:9-26:75
63            android:name="com.google.android.gms.common.api.GoogleApiActivity"
63-->[com.google.android.gms:play-services-base:17.5.0] AndroidManifest.xml:24:13-79
64            android:exported="false"
64-->[com.google.android.gms:play-services-base:17.5.0] AndroidManifest.xml:25:13-37
65            android:theme="@android:style/Theme.Translucent.NoTitleBar" />
65-->[com.google.android.gms:play-services-base:17.5.0] AndroidManifest.xml:26:13-72
66
67        <meta-data
67-->[com.google.android.gms:play-services-basement:17.5.0] AndroidManifest.xml:23:9-25:69
68            android:name="com.google.android.gms.version"
68-->[com.google.android.gms:play-services-basement:17.5.0] AndroidManifest.xml:24:13-58
69            android:value="@integer/google_play_services_version" />
69-->[com.google.android.gms:play-services-basement:17.5.0] AndroidManifest.xml:25:13-66
70
71        <provider
71-->[androidx.emoji2:emoji2:1.2.0] AndroidManifest.xml:24:9-32:20
72            android:name="androidx.startup.InitializationProvider"
72-->[androidx.emoji2:emoji2:1.2.0] AndroidManifest.xml:25:13-67
73            android:authorities="com.example.rekomendasirestoran.androidx-startup"
73-->[androidx.emoji2:emoji2:1.2.0] AndroidManifest.xml:26:13-68
74            android:exported="false" >
74-->[androidx.emoji2:emoji2:1.2.0] AndroidManifest.xml:27:13-37
75            <meta-data
75-->[androidx.emoji2:emoji2:1.2.0] AndroidManifest.xml:29:13-31:52
76                android:name="androidx.emoji2.text.EmojiCompatInitializer"
76-->[androidx.emoji2:emoji2:1.2.0] AndroidManifest.xml:30:17-75
77                android:value="androidx.startup" />
77-->[androidx.emoji2:emoji2:1.2.0] AndroidManifest.xml:31:17-49
78            <meta-data
78-->[androidx.lifecycle:lifecycle-process:2.4.1] AndroidManifest.xml:31:13-33:52
79                android:name="androidx.lifecycle.ProcessLifecycleInitializer"
79-->[androidx.lifecycle:lifecycle-process:2.4.1] AndroidManifest.xml:32:17-78
80                android:value="androidx.startup" />
80-->[androidx.lifecycle:lifecycle-process:2.4.1] AndroidManifest.xml:33:17-49
81        </provider>
82    </application>
83
84</manifest>